  [1m[36m (0.3ms)[0m  [1mselect sqlite_version(*)[0m
  [1m[35m (2.8ms)[0m  CREATE TABLE "schema_migrations" ("version" varchar(255) NOT NULL) 
  [1m[36m (0.0ms)[0m  [1mPRAGMA index_list("schema_migrations")[0m
  [1m[35m (1.2ms)[0m  CREATE UNIQUE INDEX "unique_schema_migrations" ON "schema_migrations" ("version")
  [1m[36m (0.1ms)[0m  [1mSELECT "schema_migrations"."version" FROM "schema_migrations" [0m
Migrating to CreateProjects (20120225025031)
  [1m[35m (0.0ms)[0m  begin transaction
  [1m[36m (0.3ms)[0m  [1mCREATE TABLE "projects" ("id" INTEGER PRIMARY KEY AUTOINCREMENT NOT NULL, "title" varchar(255), "description" text, "created_at" datetime NOT NULL, "updated_at" datetime NOT NULL) [0m
  [1m[35m (0.1ms)[0m  INSERT INTO "schema_migrations" ("version") VALUES ('20120225025031')
  [1m[36m (1.7ms)[0m  [1mcommit transaction[0m
Migrating to CreateSections (20120225025047)
  [1m[35m (0.1ms)[0m  begin transaction
  [1m[36m (0.3ms)[0m  [1mCREATE TABLE "sections" ("id" INTEGER PRIMARY KEY AUTOINCREMENT NOT NULL, "title" varchar(255), "description" text, "project_id" integer, "created_at" datetime NOT NULL, "updated_at" datetime NOT NULL) [0m
  [1m[35m (0.0ms)[0m  PRAGMA index_list("sections")
  [1m[36m (0.1ms)[0m  [1mCREATE INDEX "index_sections_on_project_id" ON "sections" ("project_id")[0m
  [1m[35m (0.1ms)[0m  INSERT INTO "schema_migrations" ("version") VALUES ('20120225025047')
  [1m[36m (1.3ms)[0m  [1mcommit transaction[0m
Migrating to CreateSectionDescriptors (20120225025104)
  [1m[35m (0.0ms)[0m  begin transaction
  [1m[36m (0.3ms)[0m  [1mCREATE TABLE "section_descriptors" ("id" INTEGER PRIMARY KEY AUTOINCREMENT NOT NULL, "field" varchar(255), "value" text, "section_id" integer, "created_at" datetime NOT NULL, "updated_at" datetime NOT NULL) [0m
  [1m[35m (0.0ms)[0m  PRAGMA index_list("section_descriptors")
  [1m[36m (0.1ms)[0m  [1mCREATE INDEX "index_section_descriptors_on_section_id" ON "section_descriptors" ("section_id")[0m
  [1m[35m (0.1ms)[0m  INSERT INTO "schema_migrations" ("version") VALUES ('20120225025104')
  [1m[36m (1.7ms)[0m  [1mcommit transaction[0m
Migrating to CreateEntityTypes (20120225025117)
  [1m[35m (0.0ms)[0m  begin transaction
  [1m[36m (0.3ms)[0m  [1mCREATE TABLE "entity_types" ("id" INTEGER PRIMARY KEY AUTOINCREMENT NOT NULL, "title" varchar(255), "description" text, "created_at" datetime NOT NULL, "updated_at" datetime NOT NULL) [0m
  [1m[35m (0.1ms)[0m  INSERT INTO "schema_migrations" ("version") VALUES ('20120225025117')
  [1m[36m (1.5ms)[0m  [1mcommit transaction[0m
Migrating to CreateEntityTypeFields (20120225025137)
  [1m[35m (0.0ms)[0m  begin transaction
  [1m[36m (0.3ms)[0m  [1mCREATE TABLE "entity_type_fields" ("id" INTEGER PRIMARY KEY AUTOINCREMENT NOT NULL, "field_name" varchar(255), "entity_type_id" integer, "created_at" datetime NOT NULL, "updated_at" datetime NOT NULL) [0m
  [1m[35m (0.0ms)[0m  PRAGMA index_list("entity_type_fields")
  [1m[36m (0.1ms)[0m  [1mCREATE INDEX "index_entity_type_fields_on_entity_type_id" ON "entity_type_fields" ("entity_type_id")[0m
  [1m[35m (0.1ms)[0m  INSERT INTO "schema_migrations" ("version") VALUES ('20120225025137')
  [1m[36m (1.9ms)[0m  [1mcommit transaction[0m
Migrating to CreateEntities (20120225025154)
  [1m[35m (0.0ms)[0m  begin transaction
  [1m[36m (0.3ms)[0m  [1mCREATE TABLE "entities" ("id" INTEGER PRIMARY KEY AUTOINCREMENT NOT NULL, "title" text, "entity_type_id" integer, "description" text, "project_id" integer, "section_id" integer, "created_at" datetime NOT NULL, "updated_at" datetime NOT NULL) [0m
  [1m[35m (0.0ms)[0m  PRAGMA index_list("entities")
  [1m[36m (0.1ms)[0m  [1mCREATE INDEX "index_entities_on_entity_type_id" ON "entities" ("entity_type_id")[0m
  [1m[35m (0.0ms)[0m  PRAGMA index_list("entities")
  [1m[36m (0.0ms)[0m  [1mPRAGMA index_info('index_entities_on_entity_type_id')[0m
  [1m[35m (0.2ms)[0m  CREATE INDEX "index_entities_on_project_id" ON "entities" ("project_id")
  [1m[36m (0.0ms)[0m  [1mPRAGMA index_list("entities")[0m
  [1m[35m (0.0ms)[0m  PRAGMA index_info('index_entities_on_project_id')
  [1m[36m (0.0ms)[0m  [1mPRAGMA index_info('index_entities_on_entity_type_id')[0m
  [1m[35m (0.2ms)[0m  CREATE INDEX "index_entities_on_section_id" ON "entities" ("section_id")
  [1m[36m (0.1ms)[0m  [1mINSERT INTO "schema_migrations" ("version") VALUES ('20120225025154')[0m
  [1m[35m (1.9ms)[0m  commit transaction
Migrating to CreateEntityFields (20120225025219)
  [1m[36m (0.0ms)[0m  [1mbegin transaction[0m
  [1m[35m (0.3ms)[0m  CREATE TABLE "entity_fields" ("id" INTEGER PRIMARY KEY AUTOINCREMENT NOT NULL, "name" varchar(255), "value" text, "entity_id" integer, "created_at" datetime NOT NULL, "updated_at" datetime NOT NULL) 
  [1m[36m (0.0ms)[0m  [1mPRAGMA index_list("entity_fields")[0m
  [1m[35m (0.1ms)[0m  CREATE INDEX "index_entity_fields_on_entity_id" ON "entity_fields" ("entity_id")
  [1m[36m (0.1ms)[0m  [1mINSERT INTO "schema_migrations" ("version") VALUES ('20120225025219')[0m
  [1m[35m (1.9ms)[0m  commit transaction
Migrating to CreateLinkTypes (20120225025244)
  [1m[36m (0.0ms)[0m  [1mbegin transaction[0m
  [1m[35m (0.4ms)[0m  CREATE TABLE "link_types" ("id" INTEGER PRIMARY KEY AUTOINCREMENT NOT NULL, "title" varchar(255), "description" text, "created_at" datetime NOT NULL, "updated_at" datetime NOT NULL) 
  [1m[36m (0.1ms)[0m  [1mINSERT INTO "schema_migrations" ("version") VALUES ('20120225025244')[0m
  [1m[35m (1.5ms)[0m  commit transaction
Migrating to CreateLinkTypeFields (20120225025258)
  [1m[36m (0.0ms)[0m  [1mbegin transaction[0m
  [1m[35m (0.4ms)[0m  CREATE TABLE "link_type_fields" ("id" INTEGER PRIMARY KEY AUTOINCREMENT NOT NULL, "field_name" varchar(255), "link_type_id" integer, "created_at" datetime NOT NULL, "updated_at" datetime NOT NULL) 
  [1m[36m (0.0ms)[0m  [1mPRAGMA index_list("link_type_fields")[0m
  [1m[35m (0.1ms)[0m  CREATE INDEX "index_link_type_fields_on_link_type_id" ON "link_type_fields" ("link_type_id")
  [1m[36m (0.1ms)[0m  [1mINSERT INTO "schema_migrations" ("version") VALUES ('20120225025258')[0m
  [1m[35m (2.5ms)[0m  commit transaction
Migrating to CreateLinks (20120225025313)
  [1m[36m (0.1ms)[0m  [1mbegin transaction[0m
  [1m[35m (0.6ms)[0m  CREATE TABLE "links" ("id" INTEGER PRIMARY KEY AUTOINCREMENT NOT NULL, "title" varchar(255), "description" text, "project_id" integer, "section_id" integer, "entity_a_id" integer, "entity_b_id" integer, "created_at" datetime NOT NULL, "updated_at" datetime NOT NULL) 
  [1m[36m (0.1ms)[0m  [1mPRAGMA index_list("links")[0m
  [1m[35m (0.2ms)[0m  CREATE INDEX "index_links_on_project_id" ON "links" ("project_id")
  [1m[36m (0.1ms)[0m  [1mPRAGMA index_list("links")[0m
  [1m[35m (0.1ms)[0m  PRAGMA index_info('index_links_on_project_id')
  [1m[36m (0.2ms)[0m  [1mCREATE INDEX "index_links_on_section_id" ON "links" ("section_id")[0m
  [1m[35m (0.1ms)[0m  INSERT INTO "schema_migrations" ("version") VALUES ('20120225025313')
  [1m[36m (2.0ms)[0m  [1mcommit transaction[0m
Migrating to CreateLinkFields (20120225025646)
  [1m[35m (0.1ms)[0m  begin transaction
  [1m[36m (0.5ms)[0m  [1mCREATE TABLE "link_fields" ("id" INTEGER PRIMARY KEY AUTOINCREMENT NOT NULL, "name" varchar(255), "value" text, "link_id" integer, "created_at" datetime NOT NULL, "updated_at" datetime NOT NULL) [0m
  [1m[35m (0.1ms)[0m  PRAGMA index_list("link_fields")
  [1m[36m (0.2ms)[0m  [1mCREATE INDEX "index_link_fields_on_link_id" ON "link_fields" ("link_id")[0m
  [1m[35m (0.1ms)[0m  INSERT INTO "schema_migrations" ("version") VALUES ('20120225025646')
  [1m[36m (2.7ms)[0m  [1mcommit transaction[0m
  [1m[35m (0.6ms)[0m  select sqlite_version(*)
  [1m[36m (0.1ms)[0m  [1mSELECT "schema_migrations"."version" FROM "schema_migrations" [0m
  [1m[35m (0.0ms)[0m  PRAGMA index_list("entities")
  [1m[36m (0.0ms)[0m  [1mPRAGMA index_info('index_entities_on_section_id')[0m
  [1m[35m (0.0ms)[0m  PRAGMA index_info('index_entities_on_project_id')
  [1m[36m (0.0ms)[0m  [1mPRAGMA index_info('index_entities_on_entity_type_id')[0m
  [1m[35m (0.0ms)[0m  PRAGMA index_list("entity_fields")
  [1m[36m (0.0ms)[0m  [1mPRAGMA index_info('index_entity_fields_on_entity_id')[0m
  [1m[35m (0.0ms)[0m  PRAGMA index_list("entity_type_fields")
  [1m[36m (0.0ms)[0m  [1mPRAGMA index_info('index_entity_type_fields_on_entity_type_id')[0m
  [1m[35m (0.0ms)[0m  PRAGMA index_list("entity_types")
  [1m[36m (0.0ms)[0m  [1mPRAGMA index_list("link_fields")[0m
  [1m[35m (0.0ms)[0m  PRAGMA index_info('index_link_fields_on_link_id')
  [1m[36m (0.0ms)[0m  [1mPRAGMA index_list("link_type_fields")[0m
  [1m[35m (0.0ms)[0m  PRAGMA index_info('index_link_type_fields_on_link_type_id')
  [1m[36m (0.0ms)[0m  [1mPRAGMA index_list("link_types")[0m
  [1m[35m (0.0ms)[0m  PRAGMA index_list("links")
  [1m[36m (0.0ms)[0m  [1mPRAGMA index_info('index_links_on_section_id')[0m
  [1m[35m (0.0ms)[0m  PRAGMA index_info('index_links_on_project_id')
  [1m[36m (0.0ms)[0m  [1mPRAGMA index_list("projects")[0m
  [1m[35m (0.0ms)[0m  PRAGMA index_list("section_descriptors")
  [1m[36m (0.0ms)[0m  [1mPRAGMA index_info('index_section_descriptors_on_section_id')[0m
  [1m[35m (0.0ms)[0m  PRAGMA index_list("sections")
  [1m[36m (0.0ms)[0m  [1mPRAGMA index_info('index_sections_on_project_id')[0m
  [1m[36m (0.2ms)[0m  [1mSELECT "schema_migrations"."version" FROM "schema_migrations" [0m
Migrating to CreateProjects (20120225025031)
Migrating to CreateSections (20120225025047)
Migrating to CreateSectionDescriptors (20120225025104)
Migrating to CreateEntityTypes (20120225025117)
Migrating to CreateEntityTypeFields (20120225025137)
Migrating to CreateEntities (20120225025154)
Migrating to CreateEntityFields (20120225025219)
Migrating to CreateLinkTypes (20120225025244)
Migrating to CreateLinkTypeFields (20120225025258)
Migrating to CreateLinks (20120225025313)
Migrating to CreateLinkFields (20120225025646)
Migrating to CreateTransforms (20120225035618)
  [1m[35m (0.1ms)[0m  select sqlite_version(*)
  [1m[36m (0.1ms)[0m  [1mbegin transaction[0m
  [1m[35m (0.8ms)[0m  CREATE TABLE "transforms" ("id" INTEGER PRIMARY KEY AUTOINCREMENT NOT NULL, "title" varchar(255), "description" text, "source_file" varchar(255), "entity_type_id" integer, "created_at" datetime NOT NULL, "updated_at" datetime NOT NULL) 
  [1m[36m (0.1ms)[0m  [1mPRAGMA index_list("transforms")[0m
  [1m[35m (0.2ms)[0m  CREATE INDEX "index_transforms_on_entity_type_id" ON "transforms" ("entity_type_id")
  [1m[36m (0.1ms)[0m  [1mINSERT INTO "schema_migrations" ("version") VALUES ('20120225035618')[0m
  [1m[35m (11.3ms)[0m  commit transaction
  [1m[36m (0.5ms)[0m  [1mselect sqlite_version(*)[0m
  [1m[35m (0.1ms)[0m  SELECT "schema_migrations"."version" FROM "schema_migrations" 
  [1m[36m (0.0ms)[0m  [1mPRAGMA index_list("entities")[0m
  [1m[35m (0.0ms)[0m  PRAGMA index_info('index_entities_on_section_id')
  [1m[36m (0.0ms)[0m  [1mPRAGMA index_info('index_entities_on_project_id')[0m
  [1m[35m (0.0ms)[0m  PRAGMA index_info('index_entities_on_entity_type_id')
  [1m[36m (0.0ms)[0m  [1mPRAGMA index_list("entity_fields")[0m
  [1m[35m (0.0ms)[0m  PRAGMA index_info('index_entity_fields_on_entity_id')
  [1m[36m (0.0ms)[0m  [1mPRAGMA index_list("entity_type_fields")[0m
  [1m[35m (0.0ms)[0m  PRAGMA index_info('index_entity_type_fields_on_entity_type_id')
  [1m[36m (0.0ms)[0m  [1mPRAGMA index_list("entity_types")[0m
  [1m[35m (0.0ms)[0m  PRAGMA index_list("link_fields")
  [1m[36m (0.0ms)[0m  [1mPRAGMA index_info('index_link_fields_on_link_id')[0m
  [1m[35m (0.0ms)[0m  PRAGMA index_list("link_type_fields")
  [1m[36m (0.0ms)[0m  [1mPRAGMA index_info('index_link_type_fields_on_link_type_id')[0m
  [1m[35m (0.0ms)[0m  PRAGMA index_list("link_types")
  [1m[36m (0.0ms)[0m  [1mPRAGMA index_list("links")[0m
  [1m[35m (0.0ms)[0m  PRAGMA index_info('index_links_on_section_id')
  [1m[36m (0.0ms)[0m  [1mPRAGMA index_info('index_links_on_project_id')[0m
  [1m[35m (0.0ms)[0m  PRAGMA index_list("projects")
  [1m[36m (0.0ms)[0m  [1mPRAGMA index_list("section_descriptors")[0m
  [1m[35m (0.0ms)[0m  PRAGMA index_info('index_section_descriptors_on_section_id')
  [1m[36m (0.0ms)[0m  [1mPRAGMA index_list("sections")[0m
  [1m[35m (0.0ms)[0m  PRAGMA index_info('index_sections_on_project_id')
  [1m[36m (0.0ms)[0m  [1mPRAGMA index_list("transforms")[0m
  [1m[35m (0.0ms)[0m  PRAGMA index_info('index_transforms_on_entity_type_id')
  [1m[36m (0.1ms)[0m  [1mSELECT "schema_migrations"."version" FROM "schema_migrations" [0m
Migrating to CreateProjects (20120225025031)
Migrating to CreateSections (20120225025047)
Migrating to CreateSectionDescriptors (20120225025104)
Migrating to CreateEntityTypes (20120225025117)
Migrating to CreateEntityTypeFields (20120225025137)
Migrating to CreateEntities (20120225025154)
Migrating to CreateEntityFields (20120225025219)
Migrating to CreateLinkTypes (20120225025244)
Migrating to CreateLinkTypeFields (20120225025258)
Migrating to CreateLinks (20120225025313)
Migrating to CreateLinkFields (20120225025646)
Migrating to CreateTransforms (20120225035618)
  [1m[35m (0.7ms)[0m  select sqlite_version(*)
  [1m[36m (0.1ms)[0m  [1mSELECT "schema_migrations"."version" FROM "schema_migrations" [0m
  [1m[35m (0.0ms)[0m  PRAGMA index_list("entities")
  [1m[36m (0.1ms)[0m  [1mPRAGMA index_info('index_entities_on_section_id')[0m
  [1m[35m (0.0ms)[0m  PRAGMA index_info('index_entities_on_project_id')
  [1m[36m (0.0ms)[0m  [1mPRAGMA index_info('index_entities_on_entity_type_id')[0m
  [1m[35m (0.0ms)[0m  PRAGMA index_list("entity_fields")
  [1m[36m (0.0ms)[0m  [1mPRAGMA index_info('index_entity_fields_on_entity_id')[0m
  [1m[35m (0.0ms)[0m  PRAGMA index_list("entity_type_fields")
  [1m[36m (0.0ms)[0m  [1mPRAGMA index_info('index_entity_type_fields_on_entity_type_id')[0m
  [1m[35m (0.0ms)[0m  PRAGMA index_list("entity_types")
  [1m[36m (0.0ms)[0m  [1mPRAGMA index_list("link_fields")[0m
  [1m[35m (0.0ms)[0m  PRAGMA index_info('index_link_fields_on_link_id')
  [1m[36m (0.0ms)[0m  [1mPRAGMA index_list("link_type_fields")[0m
  [1m[35m (0.0ms)[0m  PRAGMA index_info('index_link_type_fields_on_link_type_id')
  [1m[36m (0.0ms)[0m  [1mPRAGMA index_list("link_types")[0m
  [1m[35m (0.0ms)[0m  PRAGMA index_list("links")
  [1m[36m (0.0ms)[0m  [1mPRAGMA index_info('index_links_on_section_id')[0m
  [1m[35m (0.0ms)[0m  PRAGMA index_info('index_links_on_project_id')
  [1m[36m (0.0ms)[0m  [1mPRAGMA index_list("projects")[0m
  [1m[35m (0.0ms)[0m  PRAGMA index_list("section_descriptors")
  [1m[36m (0.0ms)[0m  [1mPRAGMA index_info('index_section_descriptors_on_section_id')[0m
  [1m[35m (0.0ms)[0m  PRAGMA index_list("sections")
  [1m[36m (0.0ms)[0m  [1mPRAGMA index_info('index_sections_on_project_id')[0m
  [1m[35m (0.0ms)[0m  PRAGMA index_list("transforms")
  [1m[36m (0.0ms)[0m  [1mPRAGMA index_info('index_transforms_on_entity_type_id')[0m
  [1m[36m (0.1ms)[0m  [1mSELECT "schema_migrations"."version" FROM "schema_migrations" [0m
Migrating to CreateProjects (20120225025031)
Migrating to CreateSections (20120225025047)
Migrating to CreateSectionDescriptors (20120225025104)
Migrating to CreateEntityTypes (20120225025117)
Migrating to CreateEntityTypeFields (20120225025137)
Migrating to CreateEntities (20120225025154)
Migrating to CreateEntityFields (20120225025219)
Migrating to CreateLinkTypes (20120225025244)
Migrating to CreateLinkTypeFields (20120225025258)
Migrating to CreateLinks (20120225025313)
Migrating to CreateLinkFields (20120225025646)
Migrating to CreateTransforms (20120225035618)
  [1m[35m (0.6ms)[0m  select sqlite_version(*)
  [1m[36m (0.1ms)[0m  [1mSELECT "schema_migrations"."version" FROM "schema_migrations" [0m
  [1m[35m (0.0ms)[0m  PRAGMA index_list("entities")
  [1m[36m (0.1ms)[0m  [1mPRAGMA index_info('index_entities_on_section_id')[0m
  [1m[35m (0.0ms)[0m  PRAGMA index_info('index_entities_on_project_id')
  [1m[36m (0.0ms)[0m  [1mPRAGMA index_info('index_entities_on_entity_type_id')[0m
  [1m[35m (0.0ms)[0m  PRAGMA index_list("entity_fields")
  [1m[36m (0.0ms)[0m  [1mPRAGMA index_info('index_entity_fields_on_entity_id')[0m
  [1m[35m (0.0ms)[0m  PRAGMA index_list("entity_type_fields")
  [1m[36m (0.0ms)[0m  [1mPRAGMA index_info('index_entity_type_fields_on_entity_type_id')[0m
  [1m[35m (0.0ms)[0m  PRAGMA index_list("entity_types")
  [1m[36m (0.0ms)[0m  [1mPRAGMA index_list("link_fields")[0m
  [1m[35m (0.0ms)[0m  PRAGMA index_info('index_link_fields_on_link_id')
  [1m[36m (0.0ms)[0m  [1mPRAGMA index_list("link_type_fields")[0m
  [1m[35m (0.0ms)[0m  PRAGMA index_info('index_link_type_fields_on_link_type_id')
  [1m[36m (0.0ms)[0m  [1mPRAGMA index_list("link_types")[0m
  [1m[35m (0.0ms)[0m  PRAGMA index_list("links")
  [1m[36m (0.0ms)[0m  [1mPRAGMA index_info('index_links_on_section_id')[0m
  [1m[35m (0.0ms)[0m  PRAGMA index_info('index_links_on_project_id')
  [1m[36m (0.0ms)[0m  [1mPRAGMA index_list("projects")[0m
  [1m[35m (0.0ms)[0m  PRAGMA index_list("section_descriptors")
  [1m[36m (0.0ms)[0m  [1mPRAGMA index_info('index_section_descriptors_on_section_id')[0m
  [1m[35m (0.0ms)[0m  PRAGMA index_list("sections")
  [1m[36m (0.0ms)[0m  [1mPRAGMA index_info('index_sections_on_project_id')[0m
  [1m[35m (0.0ms)[0m  PRAGMA index_list("transforms")
  [1m[36m (0.0ms)[0m  [1mPRAGMA index_info('index_transforms_on_entity_type_id')[0m
  [1m[36m (0.1ms)[0m  [1mSELECT "schema_migrations"."version" FROM "schema_migrations" [0m
Migrating to CreateProjects (20120225025031)
Migrating to CreateSections (20120225025047)
Migrating to CreateSectionDescriptors (20120225025104)
Migrating to CreateEntityTypes (20120225025117)
Migrating to CreateEntityTypeFields (20120225025137)
Migrating to CreateEntities (20120225025154)
Migrating to CreateEntityFields (20120225025219)
Migrating to CreateLinkTypes (20120225025244)
Migrating to CreateLinkTypeFields (20120225025258)
Migrating to CreateLinks (20120225025313)
Migrating to CreateLinkFields (20120225025646)
Migrating to CreateTransforms (20120225035618)
Migrating to FixColName (20120406193844)
  [1m[35m (0.1ms)[0m  select sqlite_version(*)
  [1m[36m (0.1ms)[0m  [1mbegin transaction[0m
  [1m[35m (6.4ms)[0m  CREATE TEMPORARY TABLE "altered_section_descriptors" ("id" INTEGER PRIMARY KEY AUTOINCREMENT NOT NULL, "field_name" varchar(255), "value" text, "section_id" integer, "created_at" datetime NOT NULL, "updated_at" datetime NOT NULL) 
  [1m[36m (0.1ms)[0m  [1mPRAGMA index_list("section_descriptors")[0m
  [1m[35m (0.0ms)[0m  PRAGMA index_info('index_section_descriptors_on_section_id')
  [1m[36m (0.0ms)[0m  [1mPRAGMA index_list("altered_section_descriptors")[0m
  [1m[35m (0.2ms)[0m  CREATE INDEX "temp_index_altered_section_descriptors_on_section_id" ON "altered_section_descriptors" ("section_id")
  [1m[36m (0.2ms)[0m  [1mSELECT * FROM "section_descriptors"[0m
  [1m[35m (3.0ms)[0m  DROP TABLE "section_descriptors"
  [1m[36m (0.2ms)[0m  [1mCREATE TABLE "section_descriptors" ("id" INTEGER PRIMARY KEY AUTOINCREMENT NOT NULL, "field_name" varchar(255), "value" text, "section_id" integer, "created_at" datetime NOT NULL, "updated_at" datetime NOT NULL) [0m
  [1m[35m (0.0ms)[0m  PRAGMA index_list("altered_section_descriptors")
  [1m[36m (0.0ms)[0m  [1mPRAGMA index_info('temp_index_altered_section_descriptors_on_section_id')[0m
  [1m[35m (0.0ms)[0m  PRAGMA index_list("section_descriptors")
  [1m[36m (0.1ms)[0m  [1mCREATE INDEX "index_section_descriptors_on_section_id" ON "section_descriptors" ("section_id")[0m
  [1m[35m (0.1ms)[0m  SELECT * FROM "altered_section_descriptors"
  [1m[36m (0.2ms)[0m  [1mDROP TABLE "altered_section_descriptors"[0m
  [1m[35m (1.0ms)[0m  INSERT INTO "schema_migrations" ("version") VALUES ('20120406193844')
  [1m[36m (5.8ms)[0m  [1mcommit transaction[0m
  [1m[35m (0.5ms)[0m  select sqlite_version(*)
  [1m[36m (0.1ms)[0m  [1mSELECT "schema_migrations"."version" FROM "schema_migrations" [0m
  [1m[35m (0.0ms)[0m  PRAGMA index_list("entities")
  [1m[36m (0.0ms)[0m  [1mPRAGMA index_info('index_entities_on_section_id')[0m
  [1m[35m (0.0ms)[0m  PRAGMA index_info('index_entities_on_project_id')
  [1m[36m (0.0ms)[0m  [1mPRAGMA index_info('index_entities_on_entity_type_id')[0m
  [1m[35m (0.0ms)[0m  PRAGMA index_list("entity_fields")
  [1m[36m (0.0ms)[0m  [1mPRAGMA index_info('index_entity_fields_on_entity_id')[0m
  [1m[35m (0.0ms)[0m  PRAGMA index_list("entity_type_fields")
  [1m[36m (0.0ms)[0m  [1mPRAGMA index_info('index_entity_type_fields_on_entity_type_id')[0m
  [1m[35m (0.0ms)[0m  PRAGMA index_list("entity_types")
  [1m[36m (0.0ms)[0m  [1mPRAGMA index_list("link_fields")[0m
  [1m[35m (0.0ms)[0m  PRAGMA index_info('index_link_fields_on_link_id')
  [1m[36m (0.0ms)[0m  [1mPRAGMA index_list("link_type_fields")[0m
  [1m[35m (0.0ms)[0m  PRAGMA index_info('index_link_type_fields_on_link_type_id')
  [1m[36m (0.0ms)[0m  [1mPRAGMA index_list("link_types")[0m
  [1m[35m (0.1ms)[0m  PRAGMA index_list("links")
  [1m[36m (0.0ms)[0m  [1mPRAGMA index_info('index_links_on_section_id')[0m
  [1m[35m (0.0ms)[0m  PRAGMA index_info('index_links_on_project_id')
  [1m[36m (0.0ms)[0m  [1mPRAGMA index_list("projects")[0m
  [1m[35m (0.0ms)[0m  PRAGMA index_list("section_descriptors")
  [1m[36m (0.0ms)[0m  [1mPRAGMA index_info('index_section_descriptors_on_section_id')[0m
  [1m[35m (0.0ms)[0m  PRAGMA index_list("sections")
  [1m[36m (0.0ms)[0m  [1mPRAGMA index_info('index_sections_on_project_id')[0m
  [1m[35m (0.0ms)[0m  PRAGMA index_list("transforms")
  [1m[36m (0.0ms)[0m  [1mPRAGMA index_info('index_transforms_on_entity_type_id')[0m
